<?xml version="1.0" encoding="UTF-8"?>
<!-- Generated by org.testng.reporters.JUnitReportReporter -->
<testsuite hostname="DESKTOP-7N41BE7" failures="0" tests="1" name="Categories.Login" time="46.319" errors="0" timestamp="2024-03-17T23:40:53 IST" skipped="0">
  <testcase classname="Categories.Login" name="login" time="46.319"/>
</testsuite> <!-- Categories.Login -->
