<?xml version="1.0" encoding="UTF-8"?>
<!-- Generated by org.testng.reporters.JUnitReportReporter -->
<testsuite hostname="DESKTOP-7N41BE7" failures="0" tests="1" name="Bike.Ktm" time="17.806" errors="0" timestamp="2024-03-10T15:24:13 IST" skipped="0">
  <testcase classname="Bike.Ktm" name="ktm" time="17.806"/>
</testsuite> <!-- Bike.Ktm -->
