<?xml version="1.0" encoding="UTF-8"?>
<!-- Generated by org.testng.reporters.JUnitReportReporter -->
<testsuite hostname="DESKTOP-7N41BE7" failures="0" tests="1" name="Bike.Ducati_in" time="13.718" errors="0" timestamp="2024-03-10T15:44:22 IST" skipped="0">
  <testcase classname="Bike.Ducati_in" name="ducati" time="13.718"/>
</testsuite> <!-- Bike.Ducati_in -->
