<?xml version="1.0" encoding="UTF-8"?>
<!-- Generated by org.testng.reporters.JUnitReportReporter -->
<testsuite hostname="DESKTOP-7N41BE7" failures="0" tests="4" name="TestNgBasic.Launch" time="24.351" errors="0" timestamp="2024-03-10T12:46:16 IST" skipped="0">
  <testcase classname="TestNgBasic.Launch" name="redbus2" time="4.608">
    <system-out>
      <![CDATA[Hi hello]]>
    </system-out>
  </testcase> <!-- redbus2 -->
  <testcase classname="TestNgBasic.Launch" name="redbus1" time="6.163">
    <system-out>
      <![CDATA[Hi hello22]]>
    </system-out>
  </testcase> <!-- redbus1 -->
  <testcase classname="TestNgBasic.Launch" name="Browser_lauch" time="5.707">
    <system-out>
      <![CDATA[Hi hello]]>
    </system-out>
  </testcase> <!-- Browser_lauch -->
  <testcase classname="TestNgBasic.Launch" name="easymytrip" time="7.873">
    <system-out>
      <![CDATA[Hi hello]]>
    </system-out>
  </testcase> <!-- easymytrip -->
  <system-out>
    <![CDATA[Hi hello
Hi hello22
Hi hello
Hi hello]]>
  </system-out>
</testsuite> <!-- TestNgBasic.Launch -->
