<?xml version="1.0" encoding="UTF-8"?>
<!-- Generated by org.testng.reporters.JUnitReportReporter -->
<testsuite hostname="DESKTOP-7N41BE7" failures="0" tests="2" name="DataProvider.StoreDataByUsingDataProvider" time="19.439" errors="0" timestamp="2024-03-16T13:25:21 IST" skipped="0">
  <testcase classname="DataProvider.StoreDataByUsingDataProvider" name="receiver" time="8.395"/>
  <testcase classname="DataProvider.StoreDataByUsingDataProvider" name="receiver" time="11.044"/>
</testsuite> <!-- DataProvider.StoreDataByUsingDataProvider -->
