<?xml version="1.0" encoding="UTF-8"?>
<!-- Generated by org.testng.reporters.JUnitReportReporter -->
<testsuite hostname="DESKTOP-7N41BE7" failures="0" tests="1" name="Bike.BMW_moto" time="11.875" errors="0" timestamp="2024-03-10T15:44:22 IST" skipped="0">
  <testcase classname="Bike.BMW_moto" name="bmwmote" time="11.875"/>
</testsuite> <!-- Bike.BMW_moto -->
