<?xml version="1.0" encoding="UTF-8"?>
<!-- Generated by org.testng.reporters.JUnitReportReporter -->
<testsuite hostname="DESKTOP-7N41BE7" failures="0" tests="2" name="TestNgParameter.Parameter" time="19.872" errors="0" timestamp="2024-03-16T12:43:03 IST" skipped="0">
  <testcase classname="TestNgParameter.Parameter" name="launch1" time="7.586"/>
  <testcase classname="TestNgParameter.Parameter" name="launch" time="12.286"/>
</testsuite> <!-- TestNgParameter.Parameter -->
