<?xml version="1.0" encoding="UTF-8"?>
<!-- Generated by org.testng.reporters.JUnitReportReporter -->
<testsuite hostname="DESKTOP-7N41BE7" failures="0" tests="1" name="POM.lauchbyusingstoredelement" time="17.762" errors="0" timestamp="2024-03-17T13:25:46 IST" skipped="0">
  <testcase classname="POM.lauchbyusingstoredelement" name="launch" time="17.762"/>
</testsuite> <!-- POM.lauchbyusingstoredelement -->
