<?xml version="1.0" encoding="UTF-8"?>
<!-- Generated by org.testng.reporters.JUnitReportReporter -->
<testsuite hostname="DESKTOP-7N41BE7" failures="0" tests="1" name="Assertion.SoftAssertMethod" time="11.845" errors="0" timestamp="2024-03-17T11:58:36 IST" skipped="0">
  <testcase classname="Assertion.SoftAssertMethod" name="dws" time="11.845"/>
</testsuite> <!-- Assertion.SoftAssertMethod -->
