<?xml version="1.0" encoding="UTF-8"?>
<!-- Generated by org.testng.reporters.JUnitReportReporter -->
<testsuite hostname="DESKTOP-7N41BE7" failures="0" tests="3" name="DataProvider.DataDrivenFrameWork$StoreDataByUsingDataProvider" time="26.948" errors="0" timestamp="2024-03-16T15:22:39 IST" skipped="0">
  <testcase classname="DataProvider.DataDrivenFrameWork$StoreDataByUsingDataProvider" name="receiver" time="6.626"/>
  <testcase classname="DataProvider.DataDrivenFrameWork$StoreDataByUsingDataProvider" name="receiver" time="13.457"/>
  <testcase classname="DataProvider.DataDrivenFrameWork$StoreDataByUsingDataProvider" name="receiver" time="6.865"/>
</testsuite> <!-- DataProvider.DataDrivenFrameWork$StoreDataByUsingDataProvider -->
