<?xml version="1.0" encoding="UTF-8"?>
<!-- Generated by org.testng.reporters.JUnitReportReporter -->
<testsuite hostname="DESKTOP-7N41BE7" failures="0" tests="7" name="TestNgBasic.HelpherMehod_threadpoolsize$Launch" time="46.052" errors="1" timestamp="2024-03-10T13:18:46 IST" skipped="0">
  <testcase classname="TestNgBasic.HelpherMehod_threadpoolsize$Launch" name="redbus2" time="11.777">
    <system-out>
      <![CDATA[Hi hello]]>
    </system-out>
  </testcase> <!-- redbus2 -->
  <testcase classname="TestNgBasic.HelpherMehod_threadpoolsize$Launch" name="redbus1" time="6.012">
    <system-out>
      <![CDATA[Hi hello22]]>
    </system-out>
  </testcase> <!-- redbus1 -->
  <testcase classname="TestNgBasic.HelpherMehod_threadpoolsize$Launch" name="redbus1" time="6.235">
    <system-out>
      <![CDATA[Hi hello22]]>
    </system-out>
  </testcase> <!-- redbus1 -->
  <testcase classname="TestNgBasic.HelpherMehod_threadpoolsize$Launch" name="Browser_lauch" time="0.004">
    <error message="Unresolved compilation problem: 
	run cannot be resolved to a type
" type="java.lang.Error">
      <![CDATA[java.lang.Error: Unresolved compilation problem: 
run cannot be resolved to a type

at TestNgBasic.HelpherMehod_threadpoolsize$Launch.Browser_lauch(HelpherMehod_threadpoolsize.java:15)
at java.base/jdk.internal.reflect.NativeMethodAccessorImpl.invoke0(Native Method)
at java.base/jdk.internal.reflect.NativeMethodAccessorImpl.invoke(NativeMethodAccessorImpl.java:77)
at java.base/jdk.internal.reflect.DelegatingMethodAccessorImpl.invoke(DelegatingMethodAccessorImpl.java:43)
at java.base/java.lang.reflect.Method.invoke(Method.java:568)
at org.testng.internal.invokers.MethodInvocationHelper.invokeMethod(MethodInvocationHelper.java:139)
at org.testng.internal.invokers.TestInvoker.invokeMethod(TestInvoker.java:664)
at org.testng.internal.invokers.TestInvoker.invokeTestMethod(TestInvoker.java:228)
at org.testng.internal.invokers.MethodRunner.runInSequence(MethodRunner.java:63)
at org.testng.internal.invokers.TestInvoker$MethodInvocationAgent.invoke(TestInvoker.java:961)
at org.testng.internal.invokers.TestInvoker.invokeTestMethods(TestInvoker.java:201)
at org.testng.internal.invokers.TestMethodWorker.invokeTestMethods(TestMethodWorker.java:148)
at org.testng.internal.invokers.TestMethodWorker.run(TestMethodWorker.java:128)
at java.base/java.util.ArrayList.forEach(ArrayList.java:1511)
at org.testng.TestRunner.privateRun(TestRunner.java:819)
at org.testng.TestRunner.run(TestRunner.java:619)
at org.testng.SuiteRunner.runTest(SuiteRunner.java:443)
at org.testng.SuiteRunner.runSequentially(SuiteRunner.java:437)
at org.testng.SuiteRunner.privateRun(SuiteRunner.java:397)
at org.testng.SuiteRunner.run(SuiteRunner.java:336)
at org.testng.SuiteRunnerWorker.runSuite(SuiteRunnerWorker.java:52)
at org.testng.SuiteRunnerWorker.run(SuiteRunnerWorker.java:95)
at org.testng.TestNG.runSuitesSequentially(TestNG.java:1301)
at org.testng.TestNG.runSuitesLocally(TestNG.java:1228)
at org.testng.TestNG.runSuites(TestNG.java:1134)
at org.testng.TestNG.run(TestNG.java:1101)
at org.testng.remote.AbstractRemoteTestNG.run(AbstractRemoteTestNG.java:115)
at org.testng.remote.RemoteTestNG.initAndRun(RemoteTestNG.java:251)
at org.testng.remote.RemoteTestNG.main(RemoteTestNG.java:77)
]]>
    </error>
  </testcase> <!-- Browser_lauch -->
  <testcase classname="TestNgBasic.HelpherMehod_threadpoolsize$Launch" name="easymytrip" time="7.709">
    <system-out>
      <![CDATA[Hi hello]]>
    </system-out>
  </testcase> <!-- easymytrip -->
  <testcase classname="TestNgBasic.HelpherMehod_threadpoolsize$Launch" name="easymytrip" time="7.090">
    <system-out>
      <![CDATA[Hi hello]]>
    </system-out>
  </testcase> <!-- easymytrip -->
  <testcase classname="TestNgBasic.HelpherMehod_threadpoolsize$Launch" name="easymytrip" time="7.225">
    <system-out>
      <![CDATA[Hi hello]]>
    </system-out>
  </testcase> <!-- easymytrip -->
  <system-out>
    <![CDATA[Hi hello
Hi hello22
Hi hello22
Hi hello
Hi hello
Hi hello]]>
  </system-out>
</testsuite> <!-- TestNgBasic.HelpherMehod_threadpoolsize$Launch -->
