<?xml version="1.0" encoding="UTF-8"?>
<!-- Generated by org.testng.reporters.JUnitReportReporter -->
<testsuite hostname="DESKTOP-7N41BE7" failures="0" tests="1" name="Assertion.HardAssertMethods" time="9.176" errors="0" timestamp="2024-03-17T11:24:06 IST" skipped="0">
  <testcase classname="Assertion.HardAssertMethods" name="dws" time="9.176"/>
</testsuite> <!-- Assertion.HardAssertMethods -->
