<?xml version="1.0" encoding="UTF-8"?>
<!-- Generated by org.testng.reporters.JUnitReportReporter -->
<testsuite hostname="DESKTOP-7N41BE7" failures="0" tests="1" name="TestNgBasic.Chronological_order" time="0.053" errors="0" timestamp="2024-03-10T14:39:02 IST" skipped="0">
  <testcase classname="TestNgBasic.Chronological_order" name="test" time="0.053"/>
</testsuite> <!-- TestNgBasic.Chronological_order -->
