<?xml version="1.0" encoding="UTF-8"?>
<!-- Generated by org.testng.reporters.JUnitReportReporter -->
<testsuite hostname="DESKTOP-7N41BE7" failures="0" tests="3" name="TestNg_parameters_basic.ParameterBasic" time="25.923" errors="0" timestamp="2024-03-16T12:04:35 IST" skipped="0">
  <testcase classname="TestNg_parameters_basic.ParameterBasic" name="launch" time="14.009"/>
  <testcase classname="TestNg_parameters_basic.ParameterBasic" name="launchbrow1" time="6.419"/>
  <testcase classname="TestNg_parameters_basic.ParameterBasic" name="launchbrow" time="5.495"/>
</testsuite> <!-- TestNg_parameters_basic.ParameterBasic -->
